<?xml version="1.0" encoding="UTF-8"?>
<testng-results ignored="4" total="6" passed="2" failed="0" skipped="0">
  <reporter-output>
  </reporter-output>
  <suite started-at="2023-05-22T12:58:06 IST" name="Suite" finished-at="2023-05-22T12:58:59 IST" duration-ms="52937">
    <groups>
      <group name="regressiontest">
        <method signature="createcampaign.CreateCampaignTest()[pri:0, instance:campaign.createcampaign@74751b3]" name="CreateCampaignTest" class="campaign.createcampaign"/>
        <method signature="createorganization.createOrganizationTest()[pri:0, instance:organization.createorganization@1b2abca6]" name="createOrganizationTest" class="organization.createorganization"/>
      </group> <!-- regressiontest -->
      <group name="sanitytest">
        <method signature="createcampaign.CreateCampaignTest()[pri:0, instance:campaign.createcampaign@74751b3]" name="CreateCampaignTest" class="campaign.createcampaign"/>
        <method signature="createorganization.createOrganizationTest()[pri:0, instance:organization.createorganization@1b2abca6]" name="createOrganizationTest" class="organization.createorganization"/>
      </group> <!-- sanitytest -->
      <group name="smoketest">
        <method signature="createcampaign.CreateCampaignTest()[pri:0, instance:campaign.createcampaign@74751b3]" name="CreateCampaignTest" class="campaign.createcampaign"/>
        <method signature="createorganization.createOrganizationTest()[pri:0, instance:organization.createorganization@1b2abca6]" name="createOrganizationTest" class="organization.createorganization"/>
      </group> <!-- smoketest -->
    </groups>
    <test started-at="2023-05-22T12:58:06 IST" name="Test" finished-at="2023-05-22T12:58:59 IST" duration-ms="52937">
      <class name="campaign.createcampaign">
        <test-method is-config="true" signature="BS()[pri:0, instance:campaign.createcampaign@74751b3]" started-at="2023-05-22T12:58:06 IST" name="BS" finished-at="2023-05-22T12:58:06 IST" duration-ms="12" status="PASS">
          <reporter-output>
          </reporter-output>
        </test-method> <!-- BS -->
        <test-method is-config="true" signature="BT()[pri:0, instance:campaign.createcampaign@74751b3]" started-at="2023-05-22T12:58:06 IST" name="BT" finished-at="2023-05-22T12:58:06 IST" duration-ms="1" status="PASS">
          <reporter-output>
          </reporter-output>
        </test-method> <!-- BT -->
        <test-method is-config="true" signature="BC()[pri:0, instance:campaign.createcampaign@74751b3]" started-at="2023-05-22T12:58:06 IST" name="BC" finished-at="2023-05-22T12:58:08 IST" duration-ms="1993" status="PASS">
          <reporter-output>
          </reporter-output>
        </test-method> <!-- BC -->
        <test-method is-config="true" signature="BM()[pri:0, instance:campaign.createcampaign@74751b3]" started-at="2023-05-22T12:58:08 IST" name="BM" finished-at="2023-05-22T12:58:17 IST" duration-ms="8151" status="PASS">
          <reporter-output>
          </reporter-output>
        </test-method> <!-- BM -->
        <test-method signature="CreateCampaignTest()[pri:0, instance:campaign.createcampaign@74751b3]" started-at="2023-05-22T12:58:17 IST" name="CreateCampaignTest" finished-at="2023-05-22T12:58:30 IST" duration-ms="13179" status="PASS">
          <reporter-output>
          </reporter-output>
        </test-method> <!-- CreateCampaignTest -->
        <test-method is-config="true" signature="AM()[pri:0, instance:campaign.createcampaign@74751b3]" started-at="2023-05-22T12:58:30 IST" name="AM" finished-at="2023-05-22T12:58:31 IST" duration-ms="1720" status="PASS">
          <reporter-output>
          </reporter-output>
        </test-method> <!-- AM -->
        <test-method is-config="true" signature="AC()[pri:0, instance:campaign.createcampaign@74751b3]" started-at="2023-05-22T12:58:31 IST" name="AC" finished-at="2023-05-22T12:58:33 IST" duration-ms="1130" status="PASS">
          <reporter-output>
          </reporter-output>
        </test-method> <!-- AC -->
        <test-method is-config="true" signature="AT()[pri:0, instance:campaign.createcampaign@74751b3]" started-at="2023-05-22T12:58:59 IST" name="AT" finished-at="2023-05-22T12:58:59 IST" duration-ms="0" status="PASS">
          <reporter-output>
          </reporter-output>
        </test-method> <!-- AT -->
        <test-method is-config="true" signature="AS()[pri:0, instance:campaign.createcampaign@74751b3]" started-at="2023-05-22T12:58:59 IST" name="AS" finished-at="2023-05-22T12:58:59 IST" duration-ms="1" status="PASS">
          <reporter-output>
          </reporter-output>
        </test-method> <!-- AS -->
      </class> <!-- campaign.createcampaign -->
      <class name="organization.createorganization">
        <test-method is-config="true" signature="BC()[pri:0, instance:organization.createorganization@1b2abca6]" started-at="2023-05-22T12:58:33 IST" name="BC" finished-at="2023-05-22T12:58:34 IST" duration-ms="1387" status="PASS">
          <reporter-output>
          </reporter-output>
        </test-method> <!-- BC -->
        <test-method is-config="true" signature="BM()[pri:0, instance:organization.createorganization@1b2abca6]" started-at="2023-05-22T12:58:34 IST" name="BM" finished-at="2023-05-22T12:58:43 IST" duration-ms="8671" status="PASS">
          <reporter-output>
          </reporter-output>
        </test-method> <!-- BM -->
        <test-method signature="createOrganizationTest()[pri:0, instance:organization.createorganization@1b2abca6]" started-at="2023-05-22T12:58:43 IST" name="createOrganizationTest" finished-at="2023-05-22T12:58:58 IST" duration-ms="14851" status="PASS">
          <reporter-output>
          </reporter-output>
        </test-method> <!-- createOrganizationTest -->
        <test-method is-config="true" signature="AM()[pri:0, instance:organization.createorganization@1b2abca6]" started-at="2023-05-22T12:58:58 IST" name="AM" finished-at="2023-05-22T12:58:59 IST" duration-ms="1552" status="PASS">
          <reporter-output>
          </reporter-output>
        </test-method> <!-- AM -->
        <test-method is-config="true" signature="AC()[pri:0, instance:organization.createorganization@1b2abca6]" started-at="2023-05-22T12:58:59 IST" name="AC" finished-at="2023-05-22T12:58:59 IST" duration-ms="269" status="PASS">
          <reporter-output>
          </reporter-output>
        </test-method> <!-- AC -->
      </class> <!-- organization.createorganization -->
    </test> <!-- Test -->
  </suite> <!-- Suite -->
</testng-results>
